<?xml version="1.0" encoding="UTF-8"?>
<!-- Generated by org.testng.reporters.JUnitXMLReporter -->
<testsuite ignored="0" hostname="DESKTOP-QAPNIA9" failures="11" tests="47" name="Test" time="516.171" errors="0" timestamp="2020-08-20T18:02:31 IST">
  <testcase classname="com.softsuave.test.TaskTest" name="@BeforeMethod clickOnTaskBeforeAllMethod" time="3.404">
    <failure type="java.lang.AssertionError" message="expected [SucessFully logged in] but found [SucessFully logg in]">
      <![CDATA[java.lang.AssertionError: expected [SucessFully logged in] but found [SucessFully logg in]
at com.softsuave.bustle.LoginPage.validationLoginPage(LoginPage.java:93)
at com.softsuave.test.LoginTest.loginToApplicationValid(LoginTest.java:16)
at com.softsuave.test.TaskTest.clickOnTaskBeforeAllMethod(TaskTest.java:17)
at java.base/java.util.ArrayList.forEach(ArrayList.java:1507)
... Removed 37 stack frames]]>
    </failure>
  </testcase> <!-- @BeforeMethod clickOnTaskBeforeAllMethod -->
  <testcase classname="com.softsuave.bustle.BaseClass" name="@AfterMethod close" time="-1.597926370773E9">
    <skipped/>
  </testcase> <!-- @AfterMethod close -->
  <testcase classname="com.softsuave.bustle.BaseClass" name="@BeforeMethod driverInitialization" time="-1.597926370774E9">
    <skipped/>
  </testcase> <!-- @BeforeMethod driverInitialization -->
  <testcase classname="com.softsuave.test.TaskTest" name="@BeforeMethod clickOnTaskBeforeAllMethod" time="-1.597926370775E9">
    <skipped/>
  </testcase> <!-- @BeforeMethod clickOnTaskBeforeAllMethod -->
  <testcase classname="com.softsuave.bustle.BaseClass" name="@AfterMethod close" time="-1.597926370776E9">
    <skipped/>
  </testcase> <!-- @AfterMethod close -->
  <testcase classname="com.softsuave.bustle.BaseClass" name="@BeforeMethod driverInitialization" time="-1.597926370776E9">
    <skipped/>
  </testcase> <!-- @BeforeMethod driverInitialization -->
  <testcase classname="com.softsuave.test.TaskTest" name="@BeforeMethod clickOnTaskBeforeAllMethod" time="-1.597926370777E9">
    <skipped/>
  </testcase> <!-- @BeforeMethod clickOnTaskBeforeAllMethod -->
  <testcase classname="com.softsuave.bustle.BaseClass" name="@AfterMethod close" time="-1.597926370778E9">
    <skipped/>
  </testcase> <!-- @AfterMethod close -->
  <testcase classname="com.softsuave.test.ProjectFunctionalityTest" name="@BeforeMethod clickOnProjectBeforeAllMethod" time="3.215">
    <failure type="java.lang.AssertionError" message="expected [SucessFully logged in] but found [SucessFully logg in]">
      <![CDATA[java.lang.AssertionError: expected [SucessFully logged in] but found [SucessFully logg in]
at com.softsuave.bustle.LoginPage.validationLoginPage(LoginPage.java:93)
at com.softsuave.test.LoginTest.loginToApplicationValid(LoginTest.java:16)
at com.softsuave.test.ProjectFunctionalityTest.clickOnProjectBeforeAllMethod(ProjectFunctionalityTest.java:17)
at java.base/java.util.ArrayList.forEach(ArrayList.java:1507)
... Removed 37 stack frames]]>
    </failure>
  </testcase> <!-- @BeforeMethod clickOnProjectBeforeAllMethod -->
  <testcase classname="com.softsuave.bustle.BaseClass" name="@AfterMethod close" time="-1.597926379233E9">
    <skipped/>
  </testcase> <!-- @AfterMethod close -->
  <testcase classname="com.softsuave.bustle.BaseClass" name="@BeforeMethod driverInitialization" time="-1.597926379234E9">
    <skipped/>
  </testcase> <!-- @BeforeMethod driverInitialization -->
  <testcase classname="com.softsuave.test.ProjectFunctionalityTest" name="@BeforeMethod clickOnProjectBeforeAllMethod" time="-1.597926379234E9">
    <skipped/>
  </testcase> <!-- @BeforeMethod clickOnProjectBeforeAllMethod -->
  <testcase classname="com.softsuave.bustle.BaseClass" name="@AfterMethod close" time="-1.597926379236E9">
    <skipped/>
  </testcase> <!-- @AfterMethod close -->
  <testcase classname="com.softsuave.bustle.BaseClass" name="@BeforeMethod driverInitialization" time="-1.597926379236E9">
    <skipped/>
  </testcase> <!-- @BeforeMethod driverInitialization -->
  <testcase classname="com.softsuave.test.ProjectFunctionalityTest" name="@BeforeMethod clickOnProjectBeforeAllMethod" time="-1.597926379237E9">
    <skipped/>
  </testcase> <!-- @BeforeMethod clickOnProjectBeforeAllMethod -->
  <testcase classname="com.softsuave.bustle.BaseClass" name="@AfterMethod close" time="-1.597926379238E9">
    <skipped/>
  </testcase> <!-- @AfterMethod close -->
  <testcase classname="com.softsuave.test.ActivityTest" name="activityPagetest" time="5.774"/>
  <testcase classname="com.softsuave.test.ActivityTest" name="activityPagetestclickOnLastMonth" time="5.187"/>
  <testcase classname="com.softsuave.test.ActivityTest" name="activityPagetestclickOnLastWeek" time="5.242"/>
  <testcase classname="com.softsuave.test.ActivityTest" name="activityPagetestclickOnThisMonth" time="6.136">
    <failure type="org.openqa.selenium.ElementClickInterceptedException" message="element click intercepted: Element &amp;lt;span class=&amp;quot;MuiIconButton-label&amp;quot;&amp;gt;...&amp;lt;/span&amp;gt; is not clickable at point (33, 712). Other element would receive the click: &amp;lt;div aria-hidden=&amp;quot;true&amp;quot; style=&amp;quot;z-index: -1; position: fixed; right: 0px; bottom: 0px; top: 0px; left: 0px; background-color: transparent; -webkit-tap-highlight-color: transparent;&amp;quot;&amp;gt;&amp;lt;/div&amp;gt;
  (Session info: chrome=84.0.4147.135)
Build info: version: &amp;apos;3.141.59&amp;apos;, revision: &amp;apos;e82be7d358&amp;apos;, time: &amp;apos;2018-11-14T08:17:03&amp;apos;
System info: host: &amp;apos;DESKTOP-QAPNIA9&amp;apos;, ip: &amp;apos;192.168.4.75&amp;apos;, os.name: &amp;apos;Windows 10&amp;apos;, os.arch: &amp;apos;amd64&amp;apos;, os.version: &amp;apos;10.0&amp;apos;, java.version: &amp;apos;13.0.1&amp;apos;
Driver info: org.openqa.selenium.chrome.ChromeDriver
Capabilities {acceptInsecureCerts: false, browserName: chrome, browserVersion: 84.0.4147.135, chrome: {chromedriverVersion: 84.0.4147.30 (48b3e868b4cc0..., userDataDir: C:\Users\SOFTSU~1\AppData\L...}, goog:chromeOptions: {debuggerAddress: localhost:51863}, javascriptEnabled: true, networkConnectionEnabled: false, pageLoadStrategy: normal, platform: WINDOWS, platformName: WINDOWS, proxy: Proxy(), setWindowRect: true, strictFileInteractability: false, timeouts: {implicit: 0, pageLoad: 300000, script: 30000}, unhandledPromptBehavior: dismiss and notify, webauthn:virtualAuthenticators: true}
Session ID: 557d4b692e2176fc1c78296bf7271798">
      <![CDATA[org.openqa.selenium.ElementClickInterceptedException: element click intercepted: Element <span class="MuiIconButton-label">...</span> is not clickable at point (33, 712). Other element would receive the click: <div aria-hidden="true" style="z-index: -1; position: fixed; right: 0px; bottom: 0px; top: 0px; left: 0px; background-color: transparent; -webkit-tap-highlight-color: transparent;"></div>
  (Session info: chrome=84.0.4147.135)
Build info: version: '3.141.59', revision: 'e82be7d358', time: '2018-11-14T08:17:03'
System info: host: 'DESKTOP-QAPNIA9', ip: '192.168.4.75', os.name: 'Windows 10', os.arch: 'amd64', os.version: '10.0', java.version: '13.0.1'
Driver info: org.openqa.selenium.chrome.ChromeDriver
Capabilities {acceptInsecureCerts: false, browserName: chrome, browserVersion: 84.0.4147.135, chrome: {chromedriverVersion: 84.0.4147.30 (48b3e868b4cc0..., userDataDir: C:\Users\SOFTSU~1\AppData\L...}, goog:chromeOptions: {debuggerAddress: localhost:51863}, javascriptEnabled: true, networkConnectionEnabled: false, pageLoadStrategy: normal, platform: WINDOWS, platformName: WINDOWS, proxy: Proxy(), setWindowRect: true, strictFileInteractability: false, timeouts: {implicit: 0, pageLoad: 300000, script: 30000}, unhandledPromptBehavior: dismiss and notify, webauthn:virtualAuthenticators: true}
Session ID: 557d4b692e2176fc1c78296bf7271798
at org.openqa.selenium.remote.http.W3CHttpResponseCodec.createException(W3CHttpResponseCodec.java:187)
at org.openqa.selenium.remote.http.W3CHttpResponseCodec.decode(W3CHttpResponseCodec.java:122)
at org.openqa.selenium.remote.http.W3CHttpResponseCodec.decode(W3CHttpResponseCodec.java:49)
at org.openqa.selenium.remote.HttpCommandExecutor.execute(HttpCommandExecutor.java:158)
at org.openqa.selenium.remote.service.DriverCommandExecutor.execute(DriverCommandExecutor.java:83)
at org.openqa.selenium.remote.RemoteWebDriver.execute(RemoteWebDriver.java:552)
at org.openqa.selenium.remote.RemoteWebElement.execute(RemoteWebElement.java:285)
at org.openqa.selenium.remote.RemoteWebElement.click(RemoteWebElement.java:84)
at com.softsuave.bustle.SignOutFunctionality.clickOnSignOut(SignOutFunctionality.java:28)
at com.softsuave.test.ActivityTest.signOut(ActivityTest.java:26)
at com.softsuave.test.ActivityTest.activityPagetestclickOnThisMonth(ActivityTest.java:81)
at java.base/java.util.ArrayList.forEach(ArrayList.java:1507)
... Removed 32 stack frames]]>
    </failure>
  </testcase> <!-- activityPagetestclickOnThisMonth -->
  <testcase classname="com.softsuave.test.ActivityTest" name="activityPagetestclickOnThisWeek" time="5.243"/>
  <testcase classname="com.softsuave.test.ActivityTest" name="activityPagetestclickOnToday" time="5.432"/>
  <testcase classname="com.softsuave.test.ActivityTest" name="activityPagetestclickOnYestarday" time="5.193"/>
  <testcase classname="com.softsuave.test.ActivityPageStatusTest" name="getActivityTextTotalActivity" time="3.562"/>
  <testcase classname="com.softsuave.test.ActivityPageStatusTest" name="getActivityTextTotalBillableHours" time="3.262"/>
  <testcase classname="com.softsuave.test.ActivityPageStatusTest" name="getActivityTextTotalHours" time="3.416"/>
  <testcase classname="com.softsuave.test.ActivityPageStatusTest" name="getActivityTextTotalNoofUsers" time="3.17"/>
  <testcase classname="com.softsuave.test.SignOutTest" name="signOutFun" time="3.518"/>
  <testcase classname="com.softsuave.test.TaskTest" name="addTaskTestFunctionality" time="0.0">
    <skipped/>
  </testcase> <!-- addTaskTestFunctionality -->
  <testcase classname="com.softsuave.test.TaskTest" name="editFunctionality" time="0.0">
    <skipped/>
  </testcase> <!-- editFunctionality -->
  <testcase classname="com.softsuave.test.TaskTest" name="deleteFunctionalityYes" time="0.0">
    <skipped/>
  </testcase> <!-- deleteFunctionalityYes -->
  <testcase classname="com.softsuave.test.ProjectFunctionalityTest" name="clickOnChageRole" time="0.0">
    <skipped/>
  </testcase> <!-- clickOnChageRole -->
  <testcase classname="com.softsuave.test.ProjectFunctionalityTest" name="projectFunctionality" time="0.0">
    <skipped/>
  </testcase> <!-- projectFunctionality -->
  <testcase classname="com.softsuave.test.ProjectFunctionalityTest" name="clickOnRemoveMember" time="0.0">
    <skipped/>
  </testcase> <!-- clickOnRemoveMember -->
  <testcase classname="com.softsuave.test.ExtraFunctionalityTest" name="clickOnOptions" time="0.084">
    <failure type="org.openqa.selenium.StaleElementReferenceException" message="stale element reference: element is not attached to the page document
  (Session info: chrome=84.0.4147.135)
For documentation on this error, please visit: https://www.seleniumhq.org/exceptions/stale_element_reference.html
Build info: version: &amp;apos;3.141.59&amp;apos;, revision: &amp;apos;e82be7d358&amp;apos;, time: &amp;apos;2018-11-14T08:17:03&amp;apos;
System info: host: &amp;apos;DESKTOP-QAPNIA9&amp;apos;, ip: &amp;apos;192.168.4.75&amp;apos;, os.name: &amp;apos;Windows 10&amp;apos;, os.arch: &amp;apos;amd64&amp;apos;, os.version: &amp;apos;10.0&amp;apos;, java.version: &amp;apos;13.0.1&amp;apos;
Driver info: org.openqa.selenium.chrome.ChromeDriver
Capabilities {acceptInsecureCerts: false, browserName: chrome, browserVersion: 84.0.4147.135, chrome: {chromedriverVersion: 84.0.4147.30 (48b3e868b4cc0..., userDataDir: C:\Users\SOFTSU~1\AppData\L...}, goog:chromeOptions: {debuggerAddress: localhost:52260}, javascriptEnabled: true, networkConnectionEnabled: false, pageLoadStrategy: normal, platform: WINDOWS, platformName: WINDOWS, proxy: Proxy(), setWindowRect: true, strictFileInteractability: false, timeouts: {implicit: 0, pageLoad: 300000, script: 30000}, unhandledPromptBehavior: dismiss and notify, webauthn:virtualAuthenticators: true}
Session ID: f7552cb9047dd824379fa2d73942d6e8">
      <![CDATA[org.openqa.selenium.StaleElementReferenceException: stale element reference: element is not attached to the page document
  (Session info: chrome=84.0.4147.135)
For documentation on this error, please visit: https://www.seleniumhq.org/exceptions/stale_element_reference.html
Build info: version: '3.141.59', revision: 'e82be7d358', time: '2018-11-14T08:17:03'
System info: host: 'DESKTOP-QAPNIA9', ip: '192.168.4.75', os.name: 'Windows 10', os.arch: 'amd64', os.version: '10.0', java.version: '13.0.1'
Driver info: org.openqa.selenium.chrome.ChromeDriver
Capabilities {acceptInsecureCerts: false, browserName: chrome, browserVersion: 84.0.4147.135, chrome: {chromedriverVersion: 84.0.4147.30 (48b3e868b4cc0..., userDataDir: C:\Users\SOFTSU~1\AppData\L...}, goog:chromeOptions: {debuggerAddress: localhost:52260}, javascriptEnabled: true, networkConnectionEnabled: false, pageLoadStrategy: normal, platform: WINDOWS, platformName: WINDOWS, proxy: Proxy(), setWindowRect: true, strictFileInteractability: false, timeouts: {implicit: 0, pageLoad: 300000, script: 30000}, unhandledPromptBehavior: dismiss and notify, webauthn:virtualAuthenticators: true}
Session ID: f7552cb9047dd824379fa2d73942d6e8
at org.openqa.selenium.remote.http.W3CHttpResponseCodec.createException(W3CHttpResponseCodec.java:187)
at org.openqa.selenium.remote.http.W3CHttpResponseCodec.decode(W3CHttpResponseCodec.java:122)
at org.openqa.selenium.remote.http.W3CHttpResponseCodec.decode(W3CHttpResponseCodec.java:49)
at org.openqa.selenium.remote.HttpCommandExecutor.execute(HttpCommandExecutor.java:158)
at org.openqa.selenium.remote.service.DriverCommandExecutor.execute(DriverCommandExecutor.java:83)
at org.openqa.selenium.remote.RemoteWebDriver.execute(RemoteWebDriver.java:552)
at org.openqa.selenium.remote.RemoteWebElement.execute(RemoteWebElement.java:285)
at org.openqa.selenium.remote.RemoteWebElement.click(RemoteWebElement.java:84)
at com.softsuave.bustle.ExtraFunctionality.clickOnEdit(ExtraFunctionality.java:16)
at com.softsuave.test.ExtraFunctionalityTest.clickOnOptions(ExtraFunctionalityTest.java:36)
at java.base/java.util.ArrayList.forEach(ArrayList.java:1507)
... Removed 32 stack frames]]>
    </failure>
  </testcase> <!-- clickOnOptions -->
  <testcase classname="com.softsuave.test.ExtraFunctionalityTest" name="projectFunctionality" time="20.271">
    <failure type="org.openqa.selenium.TimeoutException" message="Expected condition failed: waiting for visibility of element located by By.xpath: //div[@class=&amp;apos;message-sec&amp;apos;]/p[1] (tried for 5 second(s) with 500 milliseconds interval)">
      <![CDATA[org.openqa.selenium.TimeoutException: Expected condition failed: waiting for visibility of element located by By.xpath: //div[@class='message-sec']/p[1] (tried for 5 second(s) with 500 milliseconds interval)
at org.openqa.selenium.support.ui.WebDriverWait.timeoutException(WebDriverWait.java:95)
at org.openqa.selenium.support.ui.FluentWait.until(FluentWait.java:272)
at com.softsuave.bustle.BaseClass.waitForElement(BaseClass.java:66)
at com.softsuave.bustle.ProjectFunctionality.clickOnSaveButton(ProjectFunctionality.java:53)
at com.softsuave.test.ExtraFunctionalityTest.projectFunctionality(ExtraFunctionalityTest.java:27)
at java.base/java.util.ArrayList.forEach(ArrayList.java:1507)
Caused by: org.openqa.selenium.NoSuchElementException: no such element: Unable to locate element: {"method":"xpath","selector":"//div[@class='message-sec']/p[1]"}
  (Session info: chrome=84.0.4147.135)
For documentation on this error, please visit: https://www.seleniumhq.org/exceptions/no_such_element.html
Build info: version: '3.141.59', revision: 'e82be7d358', time: '2018-11-14T08:17:03'
System info: host: 'DESKTOP-QAPNIA9', ip: '192.168.4.75', os.name: 'Windows 10', os.arch: 'amd64', os.version: '10.0', java.version: '13.0.1'
Driver info: org.openqa.selenium.chrome.ChromeDriver
Capabilities {acceptInsecureCerts: false, browserName: chrome, browserVersion: 84.0.4147.135, chrome: {chromedriverVersion: 84.0.4147.30 (48b3e868b4cc0..., userDataDir: C:\Users\SOFTSU~1\AppData\L...}, goog:chromeOptions: {debuggerAddress: localhost:52296}, javascriptEnabled: true, networkConnectionEnabled: false, pageLoadStrategy: normal, platform: WINDOWS, platformName: WINDOWS, proxy: Proxy(), setWindowRect: true, strictFileInteractability: false, timeouts: {implicit: 0, pageLoad: 300000, script: 30000}, unhandledPromptBehavior: dismiss and notify, webauthn:virtualAuthenticators: true}
Session ID: 346ce07d073823077a55d0e4fb988432
*** Element info: {Using=xpath, value=//div[@class='message-sec']/p[1]}
at org.openqa.selenium.remote.http.W3CHttpResponseCodec.createException(W3CHttpResponseCodec.java:187)
at org.openqa.selenium.remote.http.W3CHttpResponseCodec.decode(W3CHttpResponseCodec.java:122)
at org.openqa.selenium.remote.http.W3CHttpResponseCodec.decode(W3CHttpResponseCodec.java:49)
at org.openqa.selenium.remote.HttpCommandExecutor.execute(HttpCommandExecutor.java:158)
at org.openqa.selenium.remote.service.DriverCommandExecutor.execute(DriverCommandExecutor.java:83)
at org.openqa.selenium.remote.RemoteWebDriver.execute(RemoteWebDriver.java:552)
at org.openqa.selenium.remote.RemoteWebDriver.findElement(RemoteWebDriver.java:323)
at org.openqa.selenium.remote.RemoteWebDriver.findElementByXPath(RemoteWebDriver.java:428)
at org.openqa.selenium.By$ByXPath.findElement(By.java:353)
at org.openqa.selenium.remote.RemoteWebDriver.findElement(RemoteWebDriver.java:315)
at org.openqa.selenium.support.ui.ExpectedConditions$7.apply(ExpectedConditions.java:205)
at org.openqa.selenium.support.ui.ExpectedConditions$7.apply(ExpectedConditions.java:201)
at org.openqa.selenium.support.ui.FluentWait.until(FluentWait.java:249)
... 31 more
... Removed 32 stack frames]]>
    </failure>
  </testcase> <!-- projectFunctionality -->
  <testcase classname="com.softsuave.test.CreateManagementTest" name="createOrganisation" time="18.501">
    <failure type="org.openqa.selenium.NoSuchElementException" message="no such element: Unable to locate element: {&amp;quot;method&amp;quot;:&amp;quot;xpath&amp;quot;,&amp;quot;selector&amp;quot;:&amp;quot;//button[@class=&amp;apos;jss307&amp;apos;]&amp;quot;}
  (Session info: chrome=84.0.4147.135)
For documentation on this error, please visit: https://www.seleniumhq.org/exceptions/no_such_element.html
Build info: version: &amp;apos;3.141.59&amp;apos;, revision: &amp;apos;e82be7d358&amp;apos;, time: &amp;apos;2018-11-14T08:17:03&amp;apos;
System info: host: &amp;apos;DESKTOP-QAPNIA9&amp;apos;, ip: &amp;apos;192.168.4.75&amp;apos;, os.name: &amp;apos;Windows 10&amp;apos;, os.arch: &amp;apos;amd64&amp;apos;, os.version: &amp;apos;10.0&amp;apos;, java.version: &amp;apos;13.0.1&amp;apos;
Driver info: org.openqa.selenium.chrome.ChromeDriver
Capabilities {acceptInsecureCerts: false, browserName: chrome, browserVersion: 84.0.4147.135, chrome: {chromedriverVersion: 84.0.4147.30 (48b3e868b4cc0..., userDataDir: C:\Users\SOFTSU~1\AppData\L...}, goog:chromeOptions: {debuggerAddress: localhost:52334}, javascriptEnabled: true, networkConnectionEnabled: false, pageLoadStrategy: normal, platform: WINDOWS, platformName: WINDOWS, proxy: Proxy(), setWindowRect: true, strictFileInteractability: false, timeouts: {implicit: 0, pageLoad: 300000, script: 30000}, unhandledPromptBehavior: dismiss and notify, webauthn:virtualAuthenticators: true}
Session ID: cfeaf5996e4effc3e8bd2e816dfe59fe
*** Element info: {Using=xpath, value=//button[@class=&amp;apos;jss307&amp;apos;]}">
      <![CDATA[org.openqa.selenium.NoSuchElementException: no such element: Unable to locate element: {"method":"xpath","selector":"//button[@class='jss307']"}
  (Session info: chrome=84.0.4147.135)
For documentation on this error, please visit: https://www.seleniumhq.org/exceptions/no_such_element.html
Build info: version: '3.141.59', revision: 'e82be7d358', time: '2018-11-14T08:17:03'
System info: host: 'DESKTOP-QAPNIA9', ip: '192.168.4.75', os.name: 'Windows 10', os.arch: 'amd64', os.version: '10.0', java.version: '13.0.1'
Driver info: org.openqa.selenium.chrome.ChromeDriver
Capabilities {acceptInsecureCerts: false, browserName: chrome, browserVersion: 84.0.4147.135, chrome: {chromedriverVersion: 84.0.4147.30 (48b3e868b4cc0..., userDataDir: C:\Users\SOFTSU~1\AppData\L...}, goog:chromeOptions: {debuggerAddress: localhost:52334}, javascriptEnabled: true, networkConnectionEnabled: false, pageLoadStrategy: normal, platform: WINDOWS, platformName: WINDOWS, proxy: Proxy(), setWindowRect: true, strictFileInteractability: false, timeouts: {implicit: 0, pageLoad: 300000, script: 30000}, unhandledPromptBehavior: dismiss and notify, webauthn:virtualAuthenticators: true}
Session ID: cfeaf5996e4effc3e8bd2e816dfe59fe
*** Element info: {Using=xpath, value=//button[@class='jss307']}
at org.openqa.selenium.remote.http.W3CHttpResponseCodec.createException(W3CHttpResponseCodec.java:187)
at org.openqa.selenium.remote.http.W3CHttpResponseCodec.decode(W3CHttpResponseCodec.java:122)
at org.openqa.selenium.remote.http.W3CHttpResponseCodec.decode(W3CHttpResponseCodec.java:49)
at org.openqa.selenium.remote.HttpCommandExecutor.execute(HttpCommandExecutor.java:158)
at org.openqa.selenium.remote.service.DriverCommandExecutor.execute(DriverCommandExecutor.java:83)
at org.openqa.selenium.remote.RemoteWebDriver.execute(RemoteWebDriver.java:552)
at org.openqa.selenium.remote.RemoteWebDriver.findElement(RemoteWebDriver.java:323)
at org.openqa.selenium.remote.RemoteWebDriver.findElementByXPath(RemoteWebDriver.java:428)
at org.openqa.selenium.By$ByXPath.findElement(By.java:353)
at org.openqa.selenium.remote.RemoteWebDriver.findElement(RemoteWebDriver.java:315)
at com.softsuave.bustle.CreateManagement.clickOnButton(CreateManagement.java:36)
at com.softsuave.test.CreateManagementTest.createOrganisation(CreateManagementTest.java:24)
at java.base/java.util.ArrayList.forEach(ArrayList.java:1507)
... Removed 32 stack frames]]>
    </failure>
  </testcase> <!-- createOrganisation -->
  <testcase classname="com.softsuave.test.CreateManagementTest" name="organisationPressBack" time="9.175">
    <failure type="java.lang.AssertionError" message="expected [http://bustle-spot.com/organisation] but found [http://bustle-spot.com/activity]">
      <![CDATA[java.lang.AssertionError: expected [http://bustle-spot.com/organisation] but found [http://bustle-spot.com/activity]
at com.softsuave.bustle.CreateManagement.validationCreateManagement(CreateManagement.java:134)
at com.softsuave.test.CreateManagementTest.organisationPressBack(CreateManagementTest.java:38)
at java.base/java.util.ArrayList.forEach(ArrayList.java:1507)
... Removed 33 stack frames]]>
    </failure>
  </testcase> <!-- organisationPressBack -->
  <testcase classname="com.softsuave.test.CreateManagementTest" name="createOrganisationDublicates" time="18.989">
    <failure type="org.openqa.selenium.TimeoutException" message="Expected condition failed: waiting for visibility of element located by By.xpath: //div[@class=&amp;apos;message-sec&amp;apos;]/p[1] (tried for 5 second(s) with 500 milliseconds interval)">
      <![CDATA[org.openqa.selenium.TimeoutException: Expected condition failed: waiting for visibility of element located by By.xpath: //div[@class='message-sec']/p[1] (tried for 5 second(s) with 500 milliseconds interval)
at org.openqa.selenium.support.ui.WebDriverWait.timeoutException(WebDriverWait.java:95)
at org.openqa.selenium.support.ui.FluentWait.until(FluentWait.java:272)
at com.softsuave.bustle.BaseClass.waitForElement(BaseClass.java:66)
at com.softsuave.bustle.CreateManagement.submitButtonDuplicate(CreateManagement.java:63)
at com.softsuave.test.CreateManagementTest.createOrganisationDublicates(CreateManagementTest.java:51)
at java.base/java.util.ArrayList.forEach(ArrayList.java:1507)
Caused by: org.openqa.selenium.NoSuchElementException: no such element: Unable to locate element: {"method":"xpath","selector":"//div[@class='message-sec']/p[1]"}
  (Session info: chrome=84.0.4147.135)
For documentation on this error, please visit: https://www.seleniumhq.org/exceptions/no_such_element.html
Build info: version: '3.141.59', revision: 'e82be7d358', time: '2018-11-14T08:17:03'
System info: host: 'DESKTOP-QAPNIA9', ip: '192.168.4.75', os.name: 'Windows 10', os.arch: 'amd64', os.version: '10.0', java.version: '13.0.1'
Driver info: org.openqa.selenium.chrome.ChromeDriver
Capabilities {acceptInsecureCerts: false, browserName: chrome, browserVersion: 84.0.4147.135, chrome: {chromedriverVersion: 84.0.4147.30 (48b3e868b4cc0..., userDataDir: C:\Users\SOFTSU~1\AppData\L...}, goog:chromeOptions: {debuggerAddress: localhost:64828}, javascriptEnabled: true, networkConnectionEnabled: false, pageLoadStrategy: normal, platform: WINDOWS, platformName: WINDOWS, proxy: Proxy(), setWindowRect: true, strictFileInteractability: false, timeouts: {implicit: 0, pageLoad: 300000, script: 30000}, unhandledPromptBehavior: dismiss and notify, webauthn:virtualAuthenticators: true}
Session ID: 21808a0fd517d8b6ffeab422ec89e1d0
*** Element info: {Using=xpath, value=//div[@class='message-sec']/p[1]}
at org.openqa.selenium.remote.http.W3CHttpResponseCodec.createException(W3CHttpResponseCodec.java:187)
at org.openqa.selenium.remote.http.W3CHttpResponseCodec.decode(W3CHttpResponseCodec.java:122)
at org.openqa.selenium.remote.http.W3CHttpResponseCodec.decode(W3CHttpResponseCodec.java:49)
at org.openqa.selenium.remote.HttpCommandExecutor.execute(HttpCommandExecutor.java:158)
at org.openqa.selenium.remote.service.DriverCommandExecutor.execute(DriverCommandExecutor.java:83)
at org.openqa.selenium.remote.RemoteWebDriver.execute(RemoteWebDriver.java:552)
at org.openqa.selenium.remote.RemoteWebDriver.findElement(RemoteWebDriver.java:323)
at org.openqa.selenium.remote.RemoteWebDriver.findElementByXPath(RemoteWebDriver.java:428)
at org.openqa.selenium.By$ByXPath.findElement(By.java:353)
at org.openqa.selenium.remote.RemoteWebDriver.findElement(RemoteWebDriver.java:315)
at org.openqa.selenium.support.ui.ExpectedConditions$7.apply(ExpectedConditions.java:205)
at org.openqa.selenium.support.ui.ExpectedConditions$7.apply(ExpectedConditions.java:201)
at org.openqa.selenium.support.ui.FluentWait.until(FluentWait.java:249)
... 31 more
... Removed 32 stack frames]]>
    </failure>
  </testcase> <!-- createOrganisationDublicates -->
  <testcase classname="com.softsuave.test.CreateManagementTest" name="editManagementFunctionality" time="9.934"/>
  <testcase classname="com.softsuave.test.CreateManagementTest" name="clickOnParticularManagementTest" time="8.82"/>
  <testcase classname="com.softsuave.test.CreateManagementTest" name="clickOnParticularManagementTestAndResfresh" time="10.574">
    <failure type="java.lang.AssertionError" message="expected [Demo Test Click] but found [Demo Test]">
      <![CDATA[java.lang.AssertionError: expected [Demo Test Click] but found [Demo Test]
at com.softsuave.bustle.CreateManagement.validationCreateManagement(CreateManagement.java:139)
at com.softsuave.test.CreateManagementTest.clickOnParticularManagementTestAndResfresh(CreateManagementTest.java:98)
at java.base/java.util.ArrayList.forEach(ArrayList.java:1507)
... Removed 33 stack frames]]>
    </failure>
  </testcase> <!-- clickOnParticularManagementTestAndResfresh -->
  <testcase classname="com.softsuave.test.CreateManagementTest" name="deleteManagementFunctionality" time="18.482">
    <failure type="org.openqa.selenium.NoSuchElementException" message="no such element: Unable to locate element: {&amp;quot;method&amp;quot;:&amp;quot;xpath&amp;quot;,&amp;quot;selector&amp;quot;:&amp;quot;((//span[text()=&amp;apos;Demo&amp;apos;])/../following-sibling::div[1]/button/span)[1]&amp;quot;}
  (Session info: chrome=84.0.4147.135)
For documentation on this error, please visit: https://www.seleniumhq.org/exceptions/no_such_element.html
Build info: version: &amp;apos;3.141.59&amp;apos;, revision: &amp;apos;e82be7d358&amp;apos;, time: &amp;apos;2018-11-14T08:17:03&amp;apos;
System info: host: &amp;apos;DESKTOP-QAPNIA9&amp;apos;, ip: &amp;apos;192.168.4.75&amp;apos;, os.name: &amp;apos;Windows 10&amp;apos;, os.arch: &amp;apos;amd64&amp;apos;, os.version: &amp;apos;10.0&amp;apos;, java.version: &amp;apos;13.0.1&amp;apos;
Driver info: org.openqa.selenium.chrome.ChromeDriver
Capabilities {acceptInsecureCerts: false, browserName: chrome, browserVersion: 84.0.4147.135, chrome: {chromedriverVersion: 84.0.4147.30 (48b3e868b4cc0..., userDataDir: C:\Users\SOFTSU~1\AppData\L...}, goog:chromeOptions: {debuggerAddress: localhost:64985}, javascriptEnabled: true, networkConnectionEnabled: false, pageLoadStrategy: normal, platform: WINDOWS, platformName: WINDOWS, proxy: Proxy(), setWindowRect: true, strictFileInteractability: false, timeouts: {implicit: 0, pageLoad: 300000, script: 30000}, unhandledPromptBehavior: dismiss and notify, webauthn:virtualAuthenticators: true}
Session ID: 76c5f84a156170b5ecfdf0951f2297ca
*** Element info: {Using=xpath, value=((//span[text()=&amp;apos;Demo&amp;apos;])/../following-sibling::div[1]/button/span)[1]}">
      <![CDATA[org.openqa.selenium.NoSuchElementException: no such element: Unable to locate element: {"method":"xpath","selector":"((//span[text()='Demo'])/../following-sibling::div[1]/button/span)[1]"}
  (Session info: chrome=84.0.4147.135)
For documentation on this error, please visit: https://www.seleniumhq.org/exceptions/no_such_element.html
Build info: version: '3.141.59', revision: 'e82be7d358', time: '2018-11-14T08:17:03'
System info: host: 'DESKTOP-QAPNIA9', ip: '192.168.4.75', os.name: 'Windows 10', os.arch: 'amd64', os.version: '10.0', java.version: '13.0.1'
Driver info: org.openqa.selenium.chrome.ChromeDriver
Capabilities {acceptInsecureCerts: false, browserName: chrome, browserVersion: 84.0.4147.135, chrome: {chromedriverVersion: 84.0.4147.30 (48b3e868b4cc0..., userDataDir: C:\Users\SOFTSU~1\AppData\L...}, goog:chromeOptions: {debuggerAddress: localhost:64985}, javascriptEnabled: true, networkConnectionEnabled: false, pageLoadStrategy: normal, platform: WINDOWS, platformName: WINDOWS, proxy: Proxy(), setWindowRect: true, strictFileInteractability: false, timeouts: {implicit: 0, pageLoad: 300000, script: 30000}, unhandledPromptBehavior: dismiss and notify, webauthn:virtualAuthenticators: true}
Session ID: 76c5f84a156170b5ecfdf0951f2297ca
*** Element info: {Using=xpath, value=((//span[text()='Demo'])/../following-sibling::div[1]/button/span)[1]}
at org.openqa.selenium.remote.http.W3CHttpResponseCodec.createException(W3CHttpResponseCodec.java:187)
at org.openqa.selenium.remote.http.W3CHttpResponseCodec.decode(W3CHttpResponseCodec.java:122)
at org.openqa.selenium.remote.http.W3CHttpResponseCodec.decode(W3CHttpResponseCodec.java:49)
at org.openqa.selenium.remote.HttpCommandExecutor.execute(HttpCommandExecutor.java:158)
at org.openqa.selenium.remote.service.DriverCommandExecutor.execute(DriverCommandExecutor.java:83)
at org.openqa.selenium.remote.RemoteWebDriver.execute(RemoteWebDriver.java:552)
at org.openqa.selenium.remote.RemoteWebDriver.findElement(RemoteWebDriver.java:323)
at org.openqa.selenium.remote.RemoteWebDriver.findElementByXPath(RemoteWebDriver.java:428)
at org.openqa.selenium.By$ByXPath.findElement(By.java:353)
at org.openqa.selenium.remote.RemoteWebDriver.findElement(RemoteWebDriver.java:315)
at com.softsuave.bustle.CreateManagement.deleteManagement(CreateManagement.java:86)
at com.softsuave.test.CreateManagementTest.deleteManagementFunctionality(CreateManagementTest.java:75)
at java.base/java.util.ArrayList.forEach(ArrayList.java:1507)
... Removed 32 stack frames]]>
    </failure>
  </testcase> <!-- deleteManagementFunctionality -->
  <testcase classname="com.softsuave.test.ForgetPasswordTest" name="clickOnLoginLinkInForgotPassword" time="2.374"/>
  <testcase classname="com.softsuave.test.ForgetPasswordTest" name="forgetPasswordInvalidEmailId" time="3.3"/>
  <testcase classname="com.softsuave.test.ForgetPasswordTest" name="forgetPasswordNoData" time="2.383"/>
  <testcase classname="com.softsuave.test.ForgetPasswordTest" name="forgetPasswordShortEmailId" time="2.472"/>
  <testcase classname="com.softsuave.test.ForgetPasswordTest" name="forgetPasswordValidEmailId" time="3.315"/>
  <testcase classname="com.softsuave.test.ForgetPasswordTest" name="clickOnLogin" time="2.352"/>
  <testcase classname="com.softsuave.test.LoginTest" name="loginToApplicationInvalidEmail" time="3.144"/>
  <testcase classname="com.softsuave.test.LoginTest" name="loginToApplicationInvalidPassword" time="3.164"/>
  <testcase classname="com.softsuave.test.LoginTest" name="loginToApplicationNoData" time="2.442"/>
  <testcase classname="com.softsuave.test.LoginTest" name="loginToApplicationShortMail" time="2.746"/>
  <testcase classname="com.softsuave.test.LoginTest" name="loginToApplicationValid" time="3.181">
    <failure type="java.lang.AssertionError" message="expected [SucessFully logged in] but found [SucessFully logg in]">
      <![CDATA[java.lang.AssertionError: expected [SucessFully logged in] but found [SucessFully logg in]
at com.softsuave.bustle.LoginPage.validationLoginPage(LoginPage.java:93)
at com.softsuave.test.LoginTest.loginToApplicationValid(LoginTest.java:16)
at java.base/java.util.ArrayList.forEach(ArrayList.java:1507)
... Removed 33 stack frames]]>
    </failure>
  </testcase> <!-- loginToApplicationValid -->
  <testcase classname="com.softsuave.test.SignUpTest" name="signUpAppInvalid" time="2.629"/>
  <testcase classname="com.softsuave.test.SignUpTest" name="signUpAppNewUser" time="3.493"/>
  <testcase classname="com.softsuave.test.SignUpTest" name="signUpAppOldUser" time="3.444"/>
  <testcase classname="com.softsuave.test.SignUpTest" name="signUpAppLoginLink" time="2.499"/>
  <testcase classname="com.softsuave.test.MembersFunctionalityTest" name="clickOnInvite" time="5.683"/>
  <testcase classname="com.softsuave.test.MembersFunctionalityTest" name="clickOnRemoveInviteeLink" time="4.117">
    <failure type="org.openqa.selenium.StaleElementReferenceException" message="stale element reference: element is not attached to the page document
  (Session info: chrome=84.0.4147.135)
For documentation on this error, please visit: https://www.seleniumhq.org/exceptions/stale_element_reference.html
Build info: version: &amp;apos;3.141.59&amp;apos;, revision: &amp;apos;e82be7d358&amp;apos;, time: &amp;apos;2018-11-14T08:17:03&amp;apos;
System info: host: &amp;apos;DESKTOP-QAPNIA9&amp;apos;, ip: &amp;apos;192.168.4.75&amp;apos;, os.name: &amp;apos;Windows 10&amp;apos;, os.arch: &amp;apos;amd64&amp;apos;, os.version: &amp;apos;10.0&amp;apos;, java.version: &amp;apos;13.0.1&amp;apos;
Driver info: org.openqa.selenium.chrome.ChromeDriver
Capabilities {acceptInsecureCerts: false, browserName: chrome, browserVersion: 84.0.4147.135, chrome: {chromedriverVersion: 84.0.4147.30 (48b3e868b4cc0..., userDataDir: C:\Users\SOFTSU~1\AppData\L...}, goog:chromeOptions: {debuggerAddress: localhost:65519}, javascriptEnabled: true, networkConnectionEnabled: false, pageLoadStrategy: normal, platform: WINDOWS, platformName: WINDOWS, proxy: Proxy(), setWindowRect: true, strictFileInteractability: false, timeouts: {implicit: 0, pageLoad: 300000, script: 30000}, unhandledPromptBehavior: dismiss and notify, webauthn:virtualAuthenticators: true}
Session ID: 22d27f67aba346ba129cfa05758863d1">
      <![CDATA[org.openqa.selenium.StaleElementReferenceException: stale element reference: element is not attached to the page document
  (Session info: chrome=84.0.4147.135)
For documentation on this error, please visit: https://www.seleniumhq.org/exceptions/stale_element_reference.html
Build info: version: '3.141.59', revision: 'e82be7d358', time: '2018-11-14T08:17:03'
System info: host: 'DESKTOP-QAPNIA9', ip: '192.168.4.75', os.name: 'Windows 10', os.arch: 'amd64', os.version: '10.0', java.version: '13.0.1'
Driver info: org.openqa.selenium.chrome.ChromeDriver
Capabilities {acceptInsecureCerts: false, browserName: chrome, browserVersion: 84.0.4147.135, chrome: {chromedriverVersion: 84.0.4147.30 (48b3e868b4cc0..., userDataDir: C:\Users\SOFTSU~1\AppData\L...}, goog:chromeOptions: {debuggerAddress: localhost:65519}, javascriptEnabled: true, networkConnectionEnabled: false, pageLoadStrategy: normal, platform: WINDOWS, platformName: WINDOWS, proxy: Proxy(), setWindowRect: true, strictFileInteractability: false, timeouts: {implicit: 0, pageLoad: 300000, script: 30000}, unhandledPromptBehavior: dismiss and notify, webauthn:virtualAuthenticators: true}
Session ID: 22d27f67aba346ba129cfa05758863d1
at org.openqa.selenium.remote.http.W3CHttpResponseCodec.createException(W3CHttpResponseCodec.java:187)
at org.openqa.selenium.remote.http.W3CHttpResponseCodec.decode(W3CHttpResponseCodec.java:122)
at org.openqa.selenium.remote.http.W3CHttpResponseCodec.decode(W3CHttpResponseCodec.java:49)
at org.openqa.selenium.remote.HttpCommandExecutor.execute(HttpCommandExecutor.java:158)
at org.openqa.selenium.remote.service.DriverCommandExecutor.execute(DriverCommandExecutor.java:83)
at org.openqa.selenium.remote.RemoteWebDriver.execute(RemoteWebDriver.java:552)
at org.openqa.selenium.remote.RemoteWebElement.execute(RemoteWebElement.java:285)
at org.openqa.selenium.remote.RemoteWebElement.click(RemoteWebElement.java:84)
at com.softsuave.bustle.MembersFunctionality.memberInviteFunctionality(MembersFunctionality.java:97)
at com.softsuave.test.MembersFunctionalityTest.clickOnRemoveInviteeLink(MembersFunctionalityTest.java:59)
at java.base/java.util.ArrayList.forEach(ArrayList.java:1507)
... Removed 32 stack frames]]>
    </failure>
  </testcase> <!-- clickOnRemoveInviteeLink -->
  <testcase classname="com.softsuave.test.MembersFunctionalityTest" name="membersFunctionality" time="13.08"/>
  <testcase classname="com.softsuave.test.MembersFunctionalityTest" name="clickOnResendInvitationLink" time="6.56">
    <failure type="org.openqa.selenium.ElementClickInterceptedException" message="element click intercepted: Element &amp;lt;span class=&amp;quot;MuiIconButton-label&amp;quot;&amp;gt;...&amp;lt;/span&amp;gt; is not clickable at point (33, 712). Other element would receive the click: &amp;lt;div aria-hidden=&amp;quot;true&amp;quot; style=&amp;quot;z-index: -1; position: fixed; right: 0px; bottom: 0px; top: 0px; left: 0px; background-color: transparent; -webkit-tap-highlight-color: transparent;&amp;quot;&amp;gt;&amp;lt;/div&amp;gt;
  (Session info: chrome=84.0.4147.135)
Build info: version: &amp;apos;3.141.59&amp;apos;, revision: &amp;apos;e82be7d358&amp;apos;, time: &amp;apos;2018-11-14T08:17:03&amp;apos;
System info: host: &amp;apos;DESKTOP-QAPNIA9&amp;apos;, ip: &amp;apos;192.168.4.75&amp;apos;, os.name: &amp;apos;Windows 10&amp;apos;, os.arch: &amp;apos;amd64&amp;apos;, os.version: &amp;apos;10.0&amp;apos;, java.version: &amp;apos;13.0.1&amp;apos;
Driver info: org.openqa.selenium.chrome.ChromeDriver
Capabilities {acceptInsecureCerts: false, browserName: chrome, browserVersion: 84.0.4147.135, chrome: {chromedriverVersion: 84.0.4147.30 (48b3e868b4cc0..., userDataDir: C:\Users\SOFTSU~1\AppData\L...}, goog:chromeOptions: {debuggerAddress: localhost:49231}, javascriptEnabled: true, networkConnectionEnabled: false, pageLoadStrategy: normal, platform: WINDOWS, platformName: WINDOWS, proxy: Proxy(), setWindowRect: true, strictFileInteractability: false, timeouts: {implicit: 0, pageLoad: 300000, script: 30000}, unhandledPromptBehavior: dismiss and notify, webauthn:virtualAuthenticators: true}
Session ID: fa064fa4267e89baed29b8ed2ca0b931">
      <![CDATA[org.openqa.selenium.ElementClickInterceptedException: element click intercepted: Element <span class="MuiIconButton-label">...</span> is not clickable at point (33, 712). Other element would receive the click: <div aria-hidden="true" style="z-index: -1; position: fixed; right: 0px; bottom: 0px; top: 0px; left: 0px; background-color: transparent; -webkit-tap-highlight-color: transparent;"></div>
  (Session info: chrome=84.0.4147.135)
Build info: version: '3.141.59', revision: 'e82be7d358', time: '2018-11-14T08:17:03'
System info: host: 'DESKTOP-QAPNIA9', ip: '192.168.4.75', os.name: 'Windows 10', os.arch: 'amd64', os.version: '10.0', java.version: '13.0.1'
Driver info: org.openqa.selenium.chrome.ChromeDriver
Capabilities {acceptInsecureCerts: false, browserName: chrome, browserVersion: 84.0.4147.135, chrome: {chromedriverVersion: 84.0.4147.30 (48b3e868b4cc0..., userDataDir: C:\Users\SOFTSU~1\AppData\L...}, goog:chromeOptions: {debuggerAddress: localhost:49231}, javascriptEnabled: true, networkConnectionEnabled: false, pageLoadStrategy: normal, platform: WINDOWS, platformName: WINDOWS, proxy: Proxy(), setWindowRect: true, strictFileInteractability: false, timeouts: {implicit: 0, pageLoad: 300000, script: 30000}, unhandledPromptBehavior: dismiss and notify, webauthn:virtualAuthenticators: true}
Session ID: fa064fa4267e89baed29b8ed2ca0b931
at org.openqa.selenium.remote.http.W3CHttpResponseCodec.createException(W3CHttpResponseCodec.java:187)
at org.openqa.selenium.remote.http.W3CHttpResponseCodec.decode(W3CHttpResponseCodec.java:122)
at org.openqa.selenium.remote.http.W3CHttpResponseCodec.decode(W3CHttpResponseCodec.java:49)
at org.openqa.selenium.remote.HttpCommandExecutor.execute(HttpCommandExecutor.java:158)
at org.openqa.selenium.remote.service.DriverCommandExecutor.execute(DriverCommandExecutor.java:83)
at org.openqa.selenium.remote.RemoteWebDriver.execute(RemoteWebDriver.java:552)
at org.openqa.selenium.remote.RemoteWebElement.execute(RemoteWebElement.java:285)
at org.openqa.selenium.remote.RemoteWebElement.click(RemoteWebElement.java:84)
at com.softsuave.bustle.SignOutFunctionality.clickOnSignOut(SignOutFunctionality.java:28)
at com.softsuave.test.MembersFunctionalityTest.clickOnResendInvitationLink(MembersFunctionalityTest.java:50)
at java.base/java.util.ArrayList.forEach(ArrayList.java:1507)
... Removed 32 stack frames]]>
    </failure>
  </testcase> <!-- clickOnResendInvitationLink -->
  <testcase classname="com.softsuave.test.DownloadTrackerTest" name="clickOnDownloadTracker" time="3.631"/>
</testsuite> <!-- Test -->
