<?xml version="1.0" encoding="UTF-8"?>
<!-- Generated by org.testng.reporters.JUnitReportReporter -->
<testsuite hostname="DESKTOP-QAPNIA9" failures="1" tests="4" name="com.softsuave.test.ProjectFunctionalityTest" time="8.453" errors="0" timestamp="2020-08-20T18:02:32 IST" skipped="3">
  <testcase classname="com.softsuave.test.ProjectFunctionalityTest" name="clickOnProjectBeforeAllMethod" time="8.453">
    <failure message="expected [SucessFully logged in] but found [SucessFully logg in]" type="java.lang.AssertionError">
      <![CDATA[java.lang.AssertionError: expected [SucessFully logged in] but found [SucessFully logg in]
at org.testng.Assert.fail(Assert.java:99)
at org.testng.Assert.failNotEquals(Assert.java:1037)
at org.testng.Assert.assertEqualsImpl(Assert.java:140)
at org.testng.Assert.assertEquals(Assert.java:122)
at org.testng.Assert.assertEquals(Assert.java:629)
at org.testng.Assert.assertEquals(Assert.java:639)
at com.softsuave.bustle.LoginPage.validationLoginPage(LoginPage.java:93)
at com.softsuave.test.LoginTest.loginToApplicationValid(LoginTest.java:16)
at com.softsuave.test.ProjectFunctionalityTest.clickOnProjectBeforeAllMethod(ProjectFunctionalityTest.java:17)
at java.base/jdk.internal.reflect.NativeMethodAccessorImpl.invoke0(Native Method)
at java.base/jdk.internal.reflect.NativeMethodAccessorImpl.invoke(NativeMethodAccessorImpl.java:62)
at java.base/jdk.internal.reflect.DelegatingMethodAccessorImpl.invoke(DelegatingMethodAccessorImpl.java:43)
at java.base/java.lang.reflect.Method.invoke(Method.java:567)
at org.testng.internal.MethodInvocationHelper.invokeMethod(MethodInvocationHelper.java:132)
at org.testng.internal.MethodInvocationHelper.invokeMethodConsideringTimeout(MethodInvocationHelper.java:61)
at org.testng.internal.ConfigInvoker.invokeConfigurationMethod(ConfigInvoker.java:366)
at org.testng.internal.ConfigInvoker.invokeConfigurations(ConfigInvoker.java:320)
at org.testng.internal.TestInvoker.runConfigMethods(TestInvoker.java:701)
at org.testng.internal.TestInvoker.invokeMethod(TestInvoker.java:527)
at org.testng.internal.TestInvoker.invokeTestMethod(TestInvoker.java:174)
at org.testng.internal.MethodRunner.runInSequence(MethodRunner.java:46)
at org.testng.internal.TestInvoker$MethodInvocationAgent.invoke(TestInvoker.java:822)
at org.testng.internal.TestInvoker.invokeTestMethods(TestInvoker.java:147)
at org.testng.internal.TestMethodWorker.invokeTestMethods(TestMethodWorker.java:146)
at org.testng.internal.TestMethodWorker.run(TestMethodWorker.java:128)
at java.base/java.util.ArrayList.forEach(ArrayList.java:1507)
at org.testng.TestRunner.privateRun(TestRunner.java:764)
at org.testng.TestRunner.run(TestRunner.java:585)
at org.testng.SuiteRunner.runTest(SuiteRunner.java:384)
at org.testng.SuiteRunner.runSequentially(SuiteRunner.java:378)
at org.testng.SuiteRunner.privateRun(SuiteRunner.java:337)
at org.testng.SuiteRunner.run(SuiteRunner.java:286)
at org.testng.SuiteRunnerWorker.runSuite(SuiteRunnerWorker.java:53)
at org.testng.SuiteRunnerWorker.run(SuiteRunnerWorker.java:96)
at org.testng.TestNG.runSuitesSequentially(TestNG.java:1218)
at org.testng.TestNG.runSuitesLocally(TestNG.java:1140)
at org.testng.TestNG.runSuites(TestNG.java:1069)
at org.testng.TestNG.run(TestNG.java:1037)
at org.testng.remote.AbstractRemoteTestNG.run(AbstractRemoteTestNG.java:115)
at org.testng.remote.RemoteTestNG.initAndRun(RemoteTestNG.java:251)
at org.testng.remote.RemoteTestNG.main(RemoteTestNG.java:77)
]]>
    </failure>
  </testcase> <!-- clickOnProjectBeforeAllMethod -->
  <system-out/>
  <testcase classname="com.softsuave.test.ProjectFunctionalityTest" name="clickOnChageRole" time="0.000">
    <skipped/>
  </testcase> <!-- clickOnChageRole -->
  <system-out/>
  <testcase classname="com.softsuave.test.ProjectFunctionalityTest" name="projectFunctionality" time="0.000">
    <skipped/>
  </testcase> <!-- projectFunctionality -->
  <system-out/>
  <testcase classname="com.softsuave.test.ProjectFunctionalityTest" name="clickOnRemoveMember" time="0.000">
    <skipped/>
  </testcase> <!-- clickOnRemoveMember -->
  <system-out/>
</testsuite> <!-- com.softsuave.test.ProjectFunctionalityTest -->
